<?xml version="1.0" encoding="UTF-8"?>
<testng-results skipped="0" failed="0" ignored="0" total="1" passed="1">
  <reporter-output>
    <line>
      <![CDATA[2020-08-13 15:32:51,020 INFO  com.wordpress.post.Post_01_CreateViewEditDeletedPost - Pre-condition - Open browser
]]>
    </line>
    <line>
      <![CDATA[2020-08-13 15:33:02,200 INFO  com.wordpress.post.Post_01_CreateViewEditDeletedPost - Pre-condition - Input Email
]]>
    </line>
    <line>
      <![CDATA[2020-08-13 15:33:02,602 INFO  com.wordpress.post.Post_01_CreateViewEditDeletedPost - Pre-condition - Click continue
]]>
    </line>
    <line>
      <![CDATA[2020-08-13 15:33:02,862 INFO  com.wordpress.post.Post_01_CreateViewEditDeletedPost - Pre-condition - Input Password
]]>
    </line>
    <line>
      <![CDATA[2020-08-13 15:33:03,827 INFO  com.wordpress.post.Post_01_CreateViewEditDeletedPost - Pre-condition - Click login
]]>
    </line>
    <line>
      <![CDATA[2020-08-13 15:33:04,097 INFO  com.wordpress.post.Post_01_CreateViewEditDeletedPost - Post_01 - Step 1: Click 'POSTS' menu
]]>
    </line>
    <line>
      <![CDATA[2020-08-13 15:33:13,386 INFO  com.wordpress.post.Post_01_CreateViewEditDeletedPost - Post_01 - Step 2: Click 'Add New' button
]]>
    </line>
    <line>
      <![CDATA[2020-08-13 15:33:20,550 INFO  com.wordpress.post.Post_01_CreateViewEditDeletedPost - Post_01 - Step 3: Input Title
]]>
    </line>
    <line>
      <![CDATA[2020-08-13 15:33:20,965 INFO  com.wordpress.post.Post_01_CreateViewEditDeletedPost - Post_01 - Step 4: Input to Posts content textbox 
]]>
    </line>
    <line>
      <![CDATA[2020-08-13 15:33:21,917 INFO  com.wordpress.post.Post_01_CreateViewEditDeletedPost - Post_01 - Step 5: Select 'TEST COMPLETE' category 
]]>
    </line>
    <line>
      <![CDATA[2020-08-13 15:33:22,022 INFO  com.wordpress.post.Post_01_CreateViewEditDeletedPost - Post_01 - Step 6: Input text to Tag Textbox
]]>
    </line>
    <line>
      <![CDATA[2020-08-13 15:33:22,460 INFO  com.wordpress.post.Post_01_CreateViewEditDeletedPost - Post_01 - Step 7: Click To Add Tags button
]]>
    </line>
    <line>
      <![CDATA[2020-08-13 15:33:22,763 INFO  com.wordpress.post.Post_01_CreateViewEditDeletedPost - Post_01 - Step 8: Click To Set Feature Image Link
]]>
    </line>
    <line>
      <![CDATA[2020-08-13 15:33:23,127 INFO  com.wordpress.post.Post_01_CreateViewEditDeletedPost - Post_01 - Step 9: Click To Upload Files tab
]]>
    </line>
    <line>
      <![CDATA[2020-08-13 15:33:23,404 INFO  com.wordpress.post.Post_01_CreateViewEditDeletedPost - Post_01 - Step 10: Upload image 'image1.png'
]]>
    </line>
    <line>
      <![CDATA[2020-08-13 15:33:23,863 INFO  com.wordpress.post.Post_01_CreateViewEditDeletedPost - Post_01 - Step 11: Verify image1.png uploaded succesful
]]>
    </line>
    <line>
      <![CDATA[2020-08-13 15:33:31,473 INFO  com.wordpress.post.Post_01_CreateViewEditDeletedPost - Post_01 - Step 12: Click to Set Featured Image button
]]>
    </line>
    <line>
      <![CDATA[2020-08-13 15:33:31,746 INFO  com.wordpress.post.Post_01_CreateViewEditDeletedPost - Post_01 - Step 13: Click Publish button
]]>
    </line>
    <line>
      <![CDATA[2020-08-13 15:33:39,945 INFO  com.wordpress.post.Post_01_CreateViewEditDeletedPost - Post_01 - Step 14: Verify 'Post published.' displayed
]]>
    </line>
    <line>
      <![CDATA[2020-08-13 15:33:40,133 INFO  com.wordpress.post.Post_01_CreateViewEditDeletedPost - Post_01 - Step 15: Click to 'Post' menu
]]>
    </line>
    <line>
      <![CDATA[2020-08-13 15:33:41,726 INFO  com.wordpress.post.Post_01_CreateViewEditDeletedPost - Post_01 - Step 16: input post title in search textbox
]]>
    </line>
    <line>
      <![CDATA[2020-08-13 15:33:42,290 INFO  com.wordpress.post.Post_01_CreateViewEditDeletedPost - Post_01 - Step 17: Click Search Post button
]]>
    </line>
    <line>
      <![CDATA[2020-08-13 15:33:43,966 INFO  com.wordpress.post.Post_01_CreateViewEditDeletedPost - Post_01 - Step 18: Verify post displayed in search result
]]>
    </line>
    <line>
      <![CDATA[2020-08-13 15:33:44,143 INFO  com.wordpress.post.Post_01_CreateViewEditDeletedPost - Post_01 - Step 19: Verify post displayed in search result
]]>
    </line>
    <line>
      <![CDATA[2020-08-13 15:33:47,066 INFO  com.wordpress.post.Post_01_CreateViewEditDeletedPost - Post_01 - Step 20: Verify new post display at first
]]>
    </line>
    <line>
      <![CDATA[2020-08-13 15:33:47,351 INFO  com.wordpress.post.Post_01_CreateViewEditDeletedPost - Post_01 - Step 21: Verify post image display above post title
]]>
    </line>
    <line>
      <![CDATA[2020-08-13 15:33:47,406 INFO  com.wordpress.post.Post_01_CreateViewEditDeletedPost - Post_01 - Step 22: Click to 'Automation_Test_Class_16' post
]]>
    </line>
    <line>
      <![CDATA[2020-08-13 15:33:51,338 INFO  com.wordpress.post.Post_01_CreateViewEditDeletedPost - Post_01 - Step 23: verify post category is 'EDIT LIVE CODING'
]]>
    </line>
    <line>
      <![CDATA[2020-08-13 15:33:51,529 INFO  com.wordpress.post.Post_01_CreateViewEditDeletedPost - Post_01 - Step 24: verify post title is 'Automation_Test_Class_16'
]]>
    </line>
    <line>
      <![CDATA[2020-08-13 15:33:51,731 INFO  com.wordpress.post.Post_01_CreateViewEditDeletedPost - Post_01 - Step 25: verify post image displayed
]]>
    </line>
    <line>
      <![CDATA[2020-08-13 15:33:51,942 INFO  com.wordpress.post.Post_01_CreateViewEditDeletedPost - Post_01 - Step 26: verify Post detail is 'New Post Content'
]]>
    </line>
    <line>
      <![CDATA[2020-08-13 15:33:52,138 INFO  com.wordpress.post.Post_01_CreateViewEditDeletedPost - Post_01 - Step 27: verify post title is 'Automation_Test_Class_16'
]]>
    </line>
    <line>
      <![CDATA[2020-08-13 15:33:52,338 INFO  com.wordpress.post.Post_01_CreateViewEditDeletedPost - Post_01 - Step 28: verify author Name display
]]>
    </line>
    <line>
      <![CDATA[2020-08-13 15:33:52,489 INFO  com.wordpress.post.Post_01_CreateViewEditDeletedPost - Post_01 - Step 30: search with Post title
]]>
    </line>
    <line>
      <![CDATA[2020-08-13 15:33:54,718 INFO  com.wordpress.post.Post_01_CreateViewEditDeletedPost - Post_01 - Step 31: verify new post display
]]>
    </line>
  </reporter-output>
  <suite name="WordPress" duration-ms="63978" started-at="2020-08-13T08:32:50Z" finished-at="2020-08-13T08:33:54Z">
    <groups>
    </groups>
    <test name="Run on CHROME" duration-ms="63978" started-at="2020-08-13T08:32:50Z" finished-at="2020-08-13T08:33:54Z">
      <class name="com.wordpress.post.Post_01_CreateViewEditDeletedPost">
        <test-method status="PASS" signature="beforeClass(java.lang.String, java.lang.String)[pri:0, instance:com.wordpress.post.Post_01_CreateViewEditDeletedPost@15d0c81b]" name="beforeClass" is-config="true" duration-ms="13075" started-at="2020-08-13T08:32:51Z" finished-at="2020-08-13T08:33:04Z">
          <params>
            <param index="0">
              <value>
                <![CDATA[chrome]]>
              </value>
            </param>
            <param index="1">
              <value>
                <![CDATA[https://automationfc.wordpress.com/wp-admin]]>
              </value>
            </param>
          </params>
          <reporter-output>
            <line>
              <![CDATA[2020-08-13 15:32:51,020 INFO  com.wordpress.post.Post_01_CreateViewEditDeletedPost - Pre-condition - Open browser
]]>
            </line>
            <line>
              <![CDATA[2020-08-13 15:33:02,200 INFO  com.wordpress.post.Post_01_CreateViewEditDeletedPost - Pre-condition - Input Email
]]>
            </line>
            <line>
              <![CDATA[2020-08-13 15:33:02,602 INFO  com.wordpress.post.Post_01_CreateViewEditDeletedPost - Pre-condition - Click continue
]]>
            </line>
            <line>
              <![CDATA[2020-08-13 15:33:02,862 INFO  com.wordpress.post.Post_01_CreateViewEditDeletedPost - Pre-condition - Input Password
]]>
            </line>
            <line>
              <![CDATA[2020-08-13 15:33:03,827 INFO  com.wordpress.post.Post_01_CreateViewEditDeletedPost - Pre-condition - Click login
]]>
            </line>
          </reporter-output>
        </test-method> <!-- beforeClass -->
        <test-method status="PASS" signature="Post_01_Creat_New_Post_At_Admin_Page()[pri:0, instance:com.wordpress.post.Post_01_CreateViewEditDeletedPost@15d0c81b]" name="Post_01_Creat_New_Post_At_Admin_Page" duration-ms="50866" started-at="2020-08-13T08:33:04Z" finished-at="2020-08-13T08:33:54Z">
          <reporter-output>
            <line>
              <![CDATA[2020-08-13 15:33:04,097 INFO  com.wordpress.post.Post_01_CreateViewEditDeletedPost - Post_01 - Step 1: Click 'POSTS' menu
]]>
            </line>
            <line>
              <![CDATA[2020-08-13 15:33:13,386 INFO  com.wordpress.post.Post_01_CreateViewEditDeletedPost - Post_01 - Step 2: Click 'Add New' button
]]>
            </line>
            <line>
              <![CDATA[2020-08-13 15:33:20,550 INFO  com.wordpress.post.Post_01_CreateViewEditDeletedPost - Post_01 - Step 3: Input Title
]]>
            </line>
            <line>
              <![CDATA[2020-08-13 15:33:20,965 INFO  com.wordpress.post.Post_01_CreateViewEditDeletedPost - Post_01 - Step 4: Input to Posts content textbox 
]]>
            </line>
            <line>
              <![CDATA[2020-08-13 15:33:21,917 INFO  com.wordpress.post.Post_01_CreateViewEditDeletedPost - Post_01 - Step 5: Select 'TEST COMPLETE' category 
]]>
            </line>
            <line>
              <![CDATA[2020-08-13 15:33:22,022 INFO  com.wordpress.post.Post_01_CreateViewEditDeletedPost - Post_01 - Step 6: Input text to Tag Textbox
]]>
            </line>
            <line>
              <![CDATA[2020-08-13 15:33:22,460 INFO  com.wordpress.post.Post_01_CreateViewEditDeletedPost - Post_01 - Step 7: Click To Add Tags button
]]>
            </line>
            <line>
              <![CDATA[2020-08-13 15:33:22,763 INFO  com.wordpress.post.Post_01_CreateViewEditDeletedPost - Post_01 - Step 8: Click To Set Feature Image Link
]]>
            </line>
            <line>
              <![CDATA[2020-08-13 15:33:23,127 INFO  com.wordpress.post.Post_01_CreateViewEditDeletedPost - Post_01 - Step 9: Click To Upload Files tab
]]>
            </line>
            <line>
              <![CDATA[2020-08-13 15:33:23,404 INFO  com.wordpress.post.Post_01_CreateViewEditDeletedPost - Post_01 - Step 10: Upload image 'image1.png'
]]>
            </line>
            <line>
              <![CDATA[2020-08-13 15:33:23,863 INFO  com.wordpress.post.Post_01_CreateViewEditDeletedPost - Post_01 - Step 11: Verify image1.png uploaded succesful
]]>
            </line>
            <line>
              <![CDATA[2020-08-13 15:33:31,473 INFO  com.wordpress.post.Post_01_CreateViewEditDeletedPost - Post_01 - Step 12: Click to Set Featured Image button
]]>
            </line>
            <line>
              <![CDATA[2020-08-13 15:33:31,746 INFO  com.wordpress.post.Post_01_CreateViewEditDeletedPost - Post_01 - Step 13: Click Publish button
]]>
            </line>
            <line>
              <![CDATA[2020-08-13 15:33:39,945 INFO  com.wordpress.post.Post_01_CreateViewEditDeletedPost - Post_01 - Step 14: Verify 'Post published.' displayed
]]>
            </line>
            <line>
              <![CDATA[2020-08-13 15:33:40,133 INFO  com.wordpress.post.Post_01_CreateViewEditDeletedPost - Post_01 - Step 15: Click to 'Post' menu
]]>
            </line>
            <line>
              <![CDATA[2020-08-13 15:33:41,726 INFO  com.wordpress.post.Post_01_CreateViewEditDeletedPost - Post_01 - Step 16: input post title in search textbox
]]>
            </line>
            <line>
              <![CDATA[2020-08-13 15:33:42,290 INFO  com.wordpress.post.Post_01_CreateViewEditDeletedPost - Post_01 - Step 17: Click Search Post button
]]>
            </line>
            <line>
              <![CDATA[2020-08-13 15:33:43,966 INFO  com.wordpress.post.Post_01_CreateViewEditDeletedPost - Post_01 - Step 18: Verify post displayed in search result
]]>
            </line>
            <line>
              <![CDATA[2020-08-13 15:33:44,143 INFO  com.wordpress.post.Post_01_CreateViewEditDeletedPost - Post_01 - Step 19: Verify post displayed in search result
]]>
            </line>
            <line>
              <![CDATA[2020-08-13 15:33:47,066 INFO  com.wordpress.post.Post_01_CreateViewEditDeletedPost - Post_01 - Step 20: Verify new post display at first
]]>
            </line>
            <line>
              <![CDATA[2020-08-13 15:33:47,351 INFO  com.wordpress.post.Post_01_CreateViewEditDeletedPost - Post_01 - Step 21: Verify post image display above post title
]]>
            </line>
            <line>
              <![CDATA[2020-08-13 15:33:47,406 INFO  com.wordpress.post.Post_01_CreateViewEditDeletedPost - Post_01 - Step 22: Click to 'Automation_Test_Class_16' post
]]>
            </line>
            <line>
              <![CDATA[2020-08-13 15:33:51,338 INFO  com.wordpress.post.Post_01_CreateViewEditDeletedPost - Post_01 - Step 23: verify post category is 'EDIT LIVE CODING'
]]>
            </line>
            <line>
              <![CDATA[2020-08-13 15:33:51,529 INFO  com.wordpress.post.Post_01_CreateViewEditDeletedPost - Post_01 - Step 24: verify post title is 'Automation_Test_Class_16'
]]>
            </line>
            <line>
              <![CDATA[2020-08-13 15:33:51,731 INFO  com.wordpress.post.Post_01_CreateViewEditDeletedPost - Post_01 - Step 25: verify post image displayed
]]>
            </line>
            <line>
              <![CDATA[2020-08-13 15:33:51,942 INFO  com.wordpress.post.Post_01_CreateViewEditDeletedPost - Post_01 - Step 26: verify Post detail is 'New Post Content'
]]>
            </line>
            <line>
              <![CDATA[2020-08-13 15:33:52,138 INFO  com.wordpress.post.Post_01_CreateViewEditDeletedPost - Post_01 - Step 27: verify post title is 'Automation_Test_Class_16'
]]>
            </line>
            <line>
              <![CDATA[2020-08-13 15:33:52,338 INFO  com.wordpress.post.Post_01_CreateViewEditDeletedPost - Post_01 - Step 28: verify author Name display
]]>
            </line>
            <line>
              <![CDATA[2020-08-13 15:33:52,489 INFO  com.wordpress.post.Post_01_CreateViewEditDeletedPost - Post_01 - Step 30: search with Post title
]]>
            </line>
            <line>
              <![CDATA[2020-08-13 15:33:54,718 INFO  com.wordpress.post.Post_01_CreateViewEditDeletedPost - Post_01 - Step 31: verify new post display
]]>
            </line>
          </reporter-output>
        </test-method> <!-- Post_01_Creat_New_Post_At_Admin_Page -->
        <test-method status="PASS" signature="afterClass()[pri:0, instance:com.wordpress.post.Post_01_CreateViewEditDeletedPost@15d0c81b]" name="afterClass" is-config="true" duration-ms="1" started-at="2020-08-13T08:33:54Z" finished-at="2020-08-13T08:33:54Z">
          <reporter-output>
          </reporter-output>
        </test-method> <!-- afterClass -->
      </class> <!-- com.wordpress.post.Post_01_CreateViewEditDeletedPost -->
    </test> <!-- Run on CHROME -->
  </suite> <!-- WordPress -->
</testng-results>
